16.07.2007 01:11:23	file	C:\Documents and Settings\plamen\Desktop\synchroschmiser\src\detector\plugins\logger.py	Created
16.07.2007 01:11:23	file	C:\Documents and Settings\plamen\Desktop\synchroschmiser\src\detector\plugins\logger.py	Updated
16.07.2007 01:11:23	file	C:\Documents and Settings\plamen\Desktop\synchroschmiser\src\detector\plugins\logger.py	Updated
16.07.2007 01:11:23	file	C:\Documents and Settings\plamen\Desktop\synchroschmiser\src\detector\plugins\logger.py	Updated
16.07.2007 01:11:52	<deleted>	C:\Documents and Settings\plamen\Desktop\synchroschmiser\src\detector\plugins\New Folder\New Folder\New Microsoft Office Access Application.mdb	Deleated
16.07.2007 01:11:55	folder	C:\Documents and Settings\plamen\Desktop\synchroschmiser\src\detector\plugins\New Folder\New Folder	Updated
16.07.2007 01:11:59	file	C:\Documents and Settings\plamen\Desktop\synchroschmiser\src\detector\plugins\New Folder\New Folder\New Microsoft Office Access Application.mdb	Created
16.07.2007 01:12:02	file	C:\Documents and Settings\plamen\Desktop\synchroschmiser\src\detector\plugins\New Folder\New Folder\New Microsoft Office Access Application.mdb	Updated
16.07.2007 01:12:02	folder	C:\Documents and Settings\plamen\Desktop\synchroschmiser\src\detector\plugins\New Folder\New Folder	Updated
16.07.2007 01:12:13	file	C:\Documents and Settings\plamen\Desktop\synchroschmiser\src\detector\plugins\New Folder\New Folder\teterwu\New Text Document.txt	Created
16.07.2007 01:12:16	folder	C:\Documents and Settings\plamen\Desktop\synchroschmiser\src\detector\plugins\New Folder\New Folder\teterwu	Updated
16.07.2007 01:12:19	file	C:\Documents and Settings\plamen\Desktop\synchroschmiser\src\detector\plugins\New Folder\New Folder\teterwu\New Ruby Program.rb	Created
16.07.2007 01:12:19	folder	C:\Documents and Settings\plamen\Desktop\synchroschmiser\src\detector\plugins\New Folder\New Folder\teterwu	Updated
16.07.2007 01:12:48	<deleted>	C:\Documents and Settings\plamen\Desktop\synchroschmiser\src\detector\plugins\logger.py	Deleated
16.07.2007 01:12:51	<deleted>	C:\Documents and Settings\plamen\Desktop\synchroschmiser\src\detector\plugins\logger.cfg	Deleated
16.07.2007 01:13:36	<deleted>	C:\Documents and Settings\plamen\Desktop\synchroschmiser\src\detector\plugins\New Folder\New Folder\New Microsoft Office Access Application (2).mdb	Deleated
16.07.2007 01:13:39	folder	C:\Documents and Settings\plamen\Desktop\synchroschmiser\src\detector\plugins\New Folder\New Folder	Updated
16.07.2007 01:13:43	<deleted>	C:\Documents and Settings\plamen\Desktop\synchroschmiser\src\detector\plugins\New Folder\New Folder\New Microsoft Office Access Application (3).mdb	Deleated
16.07.2007 01:17:56	file	C:\Documents and Settings\plamen\Desktop\synchroschmiser\src\detector\plugins\logger.py	Created
16.07.2007 01:17:56	file	C:\Documents and Settings\plamen\Desktop\synchroschmiser\src\detector\plugins\logger.py	Updated
16.07.2007 01:17:56	file	C:\Documents and Settings\plamen\Desktop\synchroschmiser\src\detector\plugins\logger.py	Updated
16.07.2007 01:17:56	file	C:\Documents and Settings\plamen\Desktop\synchroschmiser\src\detector\plugins\logger.py	Updated
16.07.2007 01:18:26	<deleted>	C:\Documents and Settings\plamen\Desktop\synchroschmiser\src\detector\plugins\New Folder\New Folder\New Text Document (2).txt	Deleated
16.07.2007 01:18:29	folder	C:\Documents and Settings\plamen\Desktop\synchroschmiser\src\detector\plugins\New Folder\New Folder	Updated
16.07.2007 01:18:32	<deleted>	C:\Documents and Settings\plamen\Desktop\synchroschmiser\src\detector\plugins\New Folder\New Folder\New Microsoft Office Access Application.mdb	Deleated
16.07.2007 01:18:32	folder	C:\Documents and Settings\plamen\Desktop\synchroschmiser\src\detector\plugins\New Folder\New Folder	Updated
16.07.2007 01:18:35	file	C:\Documents and Settings\plamen\Desktop\synchroschmiser\src\detector\plugins\New Folder\New Folder\New Microsoft Word Document.doc	Created
16.07.2007 01:18:35	file	C:\Documents and Settings\plamen\Desktop\synchroschmiser\src\detector\plugins\New Folder\New Folder\New Microsoft Word Document.doc	Updated
16.07.2007 01:18:35	folder	C:\Documents and Settings\plamen\Desktop\synchroschmiser\src\detector\plugins\New Folder\New Folder	Updated
16.07.2007 01:19:13	<deleted>	C:\Documents and Settings\plamen\Desktop\synchroschmiser\src\detector\plugins\logger.py	Deleated
16.07.2007 01:19:16	<deleted>	C:\Documents and Settings\plamen\Desktop\synchroschmiser\src\detector\plugins\logger.cfg	Deleated
16.07.2007 01:19:35	<deleted>	C:\Documents and Settings\plamen\Desktop\synchroschmiser\src\detector\plugins\test2\New Microsoft Office Access Application.mdb	Deleated
16.07.2007 01:19:38	folder	C:\Documents and Settings\plamen\Desktop\synchroschmiser\src\detector\plugins\test2	Updated
16.07.2007 01:19:41	file	C:\Documents and Settings\plamen\Desktop\synchroschmiser\src\detector\plugins\test2\New Bitmap Image (2).bmp	Created
16.07.2007 01:25:49	file	C:\Documents and Settings\plamen\Desktop\synchroschmiser\src\detector\plugins\logger.py	Created
16.07.2007 01:25:49	file	C:\Documents and Settings\plamen\Desktop\synchroschmiser\src\detector\plugins\logger.py	Updated
16.07.2007 01:25:49	file	C:\Documents and Settings\plamen\Desktop\synchroschmiser\src\detector\plugins\logger.py	Updated
16.07.2007 01:25:49	file	C:\Documents and Settings\plamen\Desktop\synchroschmiser\src\detector\plugins\logger.py	Updated
16.07.2007 01:26:42	<deleted>	C:\Documents and Settings\plamen\Desktop\synchroschmiser\src\detector\plugins\New Folder\New Microsoft Wosdg.doc	Deleated
16.07.2007 01:26:45	folder	C:\Documents and Settings\plamen\Desktop\synchroschmiser\src\detector\plugins\New Folder	Updated
16.07.2007 01:26:50	file	C:\Documents and Settings\plamen\Desktop\synchroschmiser\src\detector\plugins\New Folder\New Fo\New Text Document.txt	Created
16.07.2007 01:26:53	folder	C:\Documents and Settings\plamen\Desktop\synchroschmiser\src\detector\plugins\New Folder\New Fo	Updated
16.07.2007 01:26:57	file	C:\Documents and Settings\plamen\Desktop\synchroschmiser\src\detector\plugins\New Folder\New Fo\New WinRAR ZIP archive.zip	Created
16.07.2007 01:27:00	file	C:\Documents and Settings\plamen\Desktop\synchroschmiser\src\detector\plugins\New Folder\New Fo\New WinRAR ZIP archive.zip	Updated
16.07.2007 01:27:00	folder	C:\Documents and Settings\plamen\Desktop\synchroschmiser\src\detector\plugins\New Folder\New Fo	Updated
16.07.2007 01:27:33	<deleted>	C:\Documents and Settings\plamen\Desktop\synchroschmiser\src\detector\plugins\logger.py	Deleated
16.07.2007 01:34:15	file	C:\Documents and Settings\plamen\Desktop\synchroschmiser\src\detector\plugins\logger.py	Created
16.07.2007 01:34:15	file	C:\Documents and Settings\plamen\Desktop\synchroschmiser\src\detector\plugins\logger.py	Updated
16.07.2007 01:34:15	file	C:\Documents and Settings\plamen\Desktop\synchroschmiser\src\detector\plugins\logger.py	Updated
16.07.2007 01:34:15	file	C:\Documents and Settings\plamen\Desktop\synchroschmiser\src\detector\plugins\logger.py	Updated
16.07.2007 01:35:09	file	C:\Documents and Settings\plamen\Desktop\synchroschmiser\src\detector\plugins\New Microsoft PowerPoint Presentation.ppt	Created
16.07.2007 01:35:12	file	C:\Documents and Settings\plamen\Desktop\synchroschmiser\src\detector\plugins\New Microsoft PowerPoint Presentation.ppt	Updated
16.07.2007 01:35:15	file	C:\Documents and Settings\plamen\Desktop\synchroschmiser\src\detector\plugins\New Bitmap Image.bmp	Created
16.07.2007 01:35:18	file	C:\Documents and Settings\plamen\Desktop\synchroschmiser\src\detector\plugins\New Microsoft Office Publisher Document.pub	Created
16.07.2007 01:35:18	file	C:\Documents and Settings\plamen\Desktop\synchroschmiser\src\detector\plugins\New Microsoft Office Publisher Document.pub	Updated
16.07.2007 01:36:12	<deleted>	C:\Documents and Settings\plamen\Desktop\synchroschmiser\src\detector\plugins\logger.py	Deleated
16.07.2007 01:37:30	file	C:\Documents and Settings\plamen\Desktop\synchroschmiser\src\detector\plugins\logger.py	Created
16.07.2007 01:37:30	file	C:\Documents and Settings\plamen\Desktop\synchroschmiser\src\detector\plugins\logger.py	Updated
16.07.2007 01:37:30	file	C:\Documents and Settings\plamen\Desktop\synchroschmiser\src\detector\plugins\logger.py	Updated
16.07.2007 01:37:30	file	C:\Documents and Settings\plamen\Desktop\synchroschmiser\src\detector\plugins\logger.py	Updated
16.07.2007 01:37:42	<deleted>	C:\Documents and Settings\plamen\Desktop\synchroschmiser\src\detector\plugins\logger.py	Deleated
16.07.2007 01:37:45	<deleted>	C:\Documents and Settings\plamen\Desktop\synchroschmiser\src\detector\plugins\logger.cfg	Deleated
16.07.2007 01:45:41	file	C:\Documents and Settings\plamen\Desktop\synchroschmiser\src\detector\common\utils.py	Updated
16.07.2007 01:45:44	file	C:\Documents and Settings\plamen\Desktop\synchroschmiser\src\detector\common\utils.py	Updated
16.07.2007 01:46:04	file	C:\Documents and Settings\plamen\Desktop\synchroschmiser\src\detector\common\utils.py	Updated
16.07.2007 01:46:07	file	C:\Documents and Settings\plamen\Desktop\synchroschmiser\src\detector\common\utils.py	Updated
16.07.2007 01:46:41	file	C:\Documents and Settings\plamen\Desktop\synchroschmiser\src\detector\common\utils.py	Updated
16.07.2007 01:46:44	file	C:\Documents and Settings\plamen\Desktop\synchroschmiser\src\detector\common\utils.py	Updated
16.07.2007 01:47:07	file	C:\Documents and Settings\plamen\Desktop\synchroschmiser\src\detector\common\utils.py	Updated
16.07.2007 01:47:10	file	C:\Documents and Settings\plamen\Desktop\synchroschmiser\src\detector\common\utils.py	Updated
16.07.2007 01:47:24	file	C:\Documents and Settings\plamen\Desktop\synchroschmiser\src\detector\common\utils.py	Updated
16.07.2007 01:47:27	file	C:\Documents and Settings\plamen\Desktop\synchroschmiser\src\detector\common\utils.py	Updated
16.07.2007 01:47:35	file	C:\Documents and Settings\plamen\Desktop\synchroschmiser\src\detector\common\utils.py	Updated
16.07.2007 01:47:38	file	C:\Documents and Settings\plamen\Desktop\synchroschmiser\src\detector\common\utils.py	Updated
16.07.2007 01:49:18	file	C:\Documents and Settings\plamen\Desktop\synchroschmiser\src\detector\common\utils.py	Updated
16.07.2007 01:49:21	file	C:\Documents and Settings\plamen\Desktop\synchroschmiser\src\detector\common\utils.py	Updated
16.07.2007 01:49:30	file	C:\Documents and Settings\plamen\Desktop\synchroschmiser\src\detector\common\utils.py	Updated
16.07.2007 01:49:33	file	C:\Documents and Settings\plamen\Desktop\synchroschmiser\src\detector\common\utils.py	Updated
16.07.2007 01:50:24	file	C:\Documents and Settings\plamen\Desktop\synchroschmiser\src\detector\plugins\logger.py	Created
16.07.2007 01:50:24	file	C:\Documents and Settings\plamen\Desktop\synchroschmiser\src\detector\plugins\logger.py	Updated
16.07.2007 01:50:24	file	C:\Documents and Settings\plamen\Desktop\synchroschmiser\src\detector\plugins\logger.py	Updated
16.07.2007 01:50:24	file	C:\Documents and Settings\plamen\Desktop\synchroschmiser\src\detector\plugins\logger.py	Updated
16.07.2007 01:50:58	<deleted>	C:\Documents and Settings\plamen\Desktop\synchroschmiser\src\detector\plugins\New Folder\New Bitmap Ima.bmp	Deleated
16.07.2007 01:51:01	folder	C:\Documents and Settings\plamen\Desktop\synchroschmiser\src\detector\plugins\New Folder	Updated
16.07.2007 01:51:01	<deleted>	C:\Documents and Settings\plamen\Desktop\synchroschmiser\src\detector\plugins\New Folder\Worksheet (2).xls	Deleated
16.07.2007 01:51:01	folder	C:\Documents and Settings\plamen\Desktop\synchroschmiser\src\detector\plugins\New Folder	Updated
16.07.2007 01:51:04	file	C:\Documents and Settings\plamen\Desktop\synchroschmiser\src\detector\plugins\New Folder\New Text Document.txt	Created
16.07.2007 01:51:04	folder	C:\Documents and Settings\plamen\Desktop\synchroschmiser\src\detector\plugins\New Folder	Updated
16.07.2007 01:51:07	file	C:\Documents and Settings\plamen\Desktop\synchroschmiser\src\detector\plugins\New Folder\New Microsoft Office Access Application (2).mdb	Created
16.07.2007 01:51:07	file	C:\Documents and Settings\plamen\Desktop\synchroschmiser\src\detector\plugins\New Folder\New Microsoft Office Access Application (2).mdb	Updated
16.07.2007 01:51:07	folder	C:\Documents and Settings\plamen\Desktop\synchroschmiser\src\detector\plugins\New Folder	Updated
16.07.2007 01:51:32	<deleted>	C:\Documents and Settings\plamen\Desktop\synchroschmiser\src\detector\plugins\logger.py	Deleated
16.07.2007 01:53:35	file	C:\Documents and Settings\plamen\Desktop\synchroschmiser\src\detector\plugins\logger.py	Created
16.07.2007 01:53:35	file	C:\Documents and Settings\plamen\Desktop\synchroschmiser\src\detector\plugins\logger.py	Updated
16.07.2007 01:53:35	file	C:\Documents and Settings\plamen\Desktop\synchroschmiser\src\detector\plugins\logger.py	Updated
16.07.2007 01:53:35	file	C:\Documents and Settings\plamen\Desktop\synchroschmiser\src\detector\plugins\logger.py	Updated
16.07.2007 01:54:09	file	C:\Documents and Settings\plamen\Desktop\synchroschmiser\src\detector\plugins\test2\New Bitmap Image (3).bmp	Created
16.07.2007 01:54:12	folder	C:\Documents and Settings\plamen\Desktop\synchroschmiser\src\detector\plugins\test2	Updated
16.07.2007 01:54:15	file	C:\Documents and Settings\plamen\Desktop\synchroschmiser\src\detector\plugins\test2\New Microsoft Word Document.doc	Created
16.07.2007 01:54:15	file	C:\Documents and Settings\plamen\Desktop\synchroschmiser\src\detector\plugins\test2\New Microsoft Word Document.doc	Updated
16.07.2007 01:54:15	folder	C:\Documents and Settings\plamen\Desktop\synchroschmiser\src\detector\plugins\test2	Updated
16.07.2007 01:54:22	<deleted>	C:\Documents and Settings\plamen\Desktop\synchroschmiser\src\detector\plugins\test2\New Microsoft Word Document.doc	Renamed to something
16.07.2007 01:54:22	file	C:\Documents and Settings\plamen\Desktop\synchroschmiser\src\detector\plugins\test2\New Microsoft Wo.doc	Renamed from something
16.07.2007 01:54:25	folder	C:\Documents and Settings\plamen\Desktop\synchroschmiser\src\detector\plugins\test2	Updated
16.07.2007 02:06:08	file	C:\Documents and Settings\plamen\Desktop\synchroschmiser\src\detector\plugins\logger.py	Created
16.07.2007 02:06:08	file	C:\Documents and Settings\plamen\Desktop\synchroschmiser\src\detector\plugins\logger.py	Updated
16.07.2007 02:06:08	file	C:\Documents and Settings\plamen\Desktop\synchroschmiser\src\detector\plugins\logger.py	Updated
16.07.2007 02:06:08	file	C:\Documents and Settings\plamen\Desktop\synchroschmiser\src\detector\plugins\logger.py	Updated
16.07.2007 02:06:17	<deleted>	C:\Documents and Settings\plamen\Desktop\synchroschmiser\src\detector\plugins\New Microsoft Word Document (2).doc	Deleated
16.07.2007 02:06:33	file	C:\Documents and Settings\plamen\Desktop\synchroschmiser\src\detector\plugins\New Folder\New Briefcase	Created
16.07.2007 02:06:41	file	C:\Documents and Settings\plamen\Desktop\synchroschmiser\src\detector\plugins\New Folder\New Microsoft Office Access Application (3).mdb	Created
16.07.2007 02:06:44	file	C:\Documents and Settings\plamen\Desktop\synchroschmiser\src\detector\plugins\New Folder\New Microsoft Office Access Application (3).mdb	Updated
16.07.2007 02:06:44	folder	C:\Documents and Settings\plamen\Desktop\synchroschmiser\src\detector\plugins\New Folder	Updated
16.07.2007 02:06:47	<deleted>	C:\Documents and Settings\plamen\Desktop\synchroschmiser\src\detector\plugins\New Folder\New Microsoft Office Access Application (3).mdb	Renamed to something
16.07.2007 02:06:47	file	C:\Documents and Settings\plamen\Desktop\synchroschmiser\src\detector\plugins\New Folder\New Microsoft Office Access A.mdb	Renamed from something
16.07.2007 02:06:47	folder	C:\Documents and Settings\plamen\Desktop\synchroschmiser\src\detector\plugins\New Folder	Updated
16.07.2007 02:06:47	file	C:\Documents and Settings\plamen\Desktop\synchroschmiser\src\detector\plugins\New Folder\New Microsoft Office Access A.mdb	Updated
16.07.2007 02:07:56	file	C:\Documents and Settings\plamen\Desktop\synchroschmiser\src\detector\plugins\logger.py	Updated
16.07.2007 02:09:55	file	C:\Documents and Settings\plamen\Desktop\synchroschmiser\src\detector\plugins\logger.py	Created
16.07.2007 02:09:55	file	C:\Documents and Settings\plamen\Desktop\synchroschmiser\src\detector\plugins\logger.py	Updated
16.07.2007 02:09:55	file	C:\Documents and Settings\plamen\Desktop\synchroschmiser\src\detector\plugins\logger.py	Updated
16.07.2007 02:09:55	file	C:\Documents and Settings\plamen\Desktop\synchroschmiser\src\detector\plugins\logger.py	Updated
16.07.2007 02:10:01	<deleted>	C:\Documents and Settings\plamen\Desktop\synchroschmiser\src\detector\plugins\New Microsoft Excel Worksheet.xls	Renamed to something
16.07.2007 02:10:01	file	C:\Documents and Settings\plamen\Desktop\synchroschmiser\src\detector\plugins\New Microsoft.xls	Renamed from something
16.07.2007 02:10:04	file	C:\Documents and Settings\plamen\Desktop\synchroschmiser\src\detector\plugins\New Microsoft.xls	Updated
16.07.2007 02:10:08	file	C:\Documents and Settings\plamen\Desktop\synchroschmiser\src\detector\plugins\.logger.cfg.swp	Created
16.07.2007 02:10:11	file	C:\Documents and Settings\plamen\Desktop\synchroschmiser\src\detector\plugins\.logger.cfg.swp	Updated
16.07.2007 02:10:14	file	C:\Documents and Settings\plamen\Desktop\synchroschmiser\src\detector\plugins\.logger.cfg.swp	Updated
16.07.2007 02:10:14	file	C:\Documents and Settings\plamen\Desktop\synchroschmiser\src\detector\plugins\.logger.cfg.swp	Updated
16.07.2007 02:10:17	<deleted>	C:\Documents and Settings\plamen\Desktop\synchroschmiser\src\detector\plugins\4913	Created
16.07.2007 02:10:17	<deleted>	C:\Documents and Settings\plamen\Desktop\synchroschmiser\src\detector\plugins\4913	Updated
16.07.2007 02:10:17	<deleted>	C:\Documents and Settings\plamen\Desktop\synchroschmiser\src\detector\plugins\4913	Deleated
16.07.2007 02:14:37	file	C:\Documents and Settings\plamen\Desktop\synchroschmiser\src\detector\plugins\logger.py	Created
16.07.2007 02:14:37	file	C:\Documents and Settings\plamen\Desktop\synchroschmiser\src\detector\plugins\logger.py	Updated
16.07.2007 02:14:37	file	C:\Documents and Settings\plamen\Desktop\synchroschmiser\src\detector\plugins\logger.py	Updated
16.07.2007 02:14:37	file	C:\Documents and Settings\plamen\Desktop\synchroschmiser\src\detector\plugins\logger.py	Updated
16.07.2007 02:17:31	file	C:\Documents and Settings\plamen\Desktop\synchroschmiser\src\detector\plugins\logger.py	Created
16.07.2007 02:17:31	file	C:\Documents and Settings\plamen\Desktop\synchroschmiser\src\detector\plugins\logger.py	Updated
16.07.2007 02:17:31	file	C:\Documents and Settings\plamen\Desktop\synchroschmiser\src\detector\plugins\logger.py	Updated
16.07.2007 02:17:31	file	C:\Documents and Settings\plamen\Desktop\synchroschmiser\src\detector\plugins\logger.py	Updated
16.07.2007 02:19:30	file	C:\Documents and Settings\plamen\Desktop\synchroschmiser\src\detector\plugins\logger.py	Created
16.07.2007 02:19:30	file	C:\Documents and Settings\plamen\Desktop\synchroschmiser\src\detector\plugins\logger.py	Updated
16.07.2007 02:19:30	file	C:\Documents and Settings\plamen\Desktop\synchroschmiser\src\detector\plugins\logger.py	Updated
16.07.2007 02:19:30	file	C:\Documents and Settings\plamen\Desktop\synchroschmiser\src\detector\plugins\logger.py	Updated
16.07.2007 02:23:16	file	C:\Documents and Settings\plamen\Desktop\synchroschmiser\src\detector\plugins\logger.py	Created
16.07.2007 02:23:19	file	C:\Documents and Settings\plamen\Desktop\synchroschmiser\src\detector\plugins\logger.py	Updated
16.07.2007 02:23:19	file	C:\Documents and Settings\plamen\Desktop\synchroschmiser\src\detector\plugins\logger.py	Updated
16.07.2007 02:23:19	file	C:\Documents and Settings\plamen\Desktop\synchroschmiser\src\detector\plugins\logger.py	Updated
16.07.2007 02:23:29	file	C:\Documents and Settings\plamen\Desktop\synchroschmiser\src\detector\plugins\logger.cfg	Created
16.07.2007 02:23:32	file	C:\Documents and Settings\plamen\Desktop\synchroschmiser\src\detector\plugins\logger.cfg	Updated
16.07.2007 02:23:32	file	C:\Documents and Settings\plamen\Desktop\synchroschmiser\src\detector\plugins\logger.cfg	Updated
16.07.2007 02:23:32	file	C:\Documents and Settings\plamen\Desktop\synchroschmiser\src\detector\plugins\logger.cfg	Updated
16.07.2007 02:24:03	file	C:\Documents and Settings\plamen\Desktop\synchroschmiser\src\detector\plugins\.logger.cfg.swp	Created
16.07.2007 02:24:06	file	C:\Documents and Settings\plamen\Desktop\synchroschmiser\src\detector\plugins\.logger.cfg.swp	Updated
16.07.2007 02:24:06	file	C:\Documents and Settings\plamen\Desktop\synchroschmiser\src\detector\plugins\.logger.cfg.swp	Updated
16.07.2007 02:24:09	file	C:\Documents and Settings\plamen\Desktop\synchroschmiser\src\detector\plugins\.logger.cfg.swp	Updated
16.07.2007 02:24:12	file	C:\Documents and Settings\plamen\Desktop\synchroschmiser\src\detector\plugins\.logger.cfg.swp	Updated
16.07.2007 02:24:15	<deleted>	C:\Documents and Settings\plamen\Desktop\synchroschmiser\src\detector\plugins\.logger.cfg.swp	Updated
